[0m10:19:30.161654 [debug] [MainThread]: Sending event: {'category': 'dbt', 'action': 'invocation', 'label': 'start', 'context': [<snowplow_tracker.self_describing_json.SelfDescribingJson object at 0x0000016BE6BF9550>, <snowplow_tracker.self_describing_json.SelfDescribingJson object at 0x0000016BE78BE870>, <snowplow_tracker.self_describing_json.SelfDescribingJson object at 0x0000016BE7781430>]}


============================== 10:19:30.229984 | 56a71e7e-a7aa-4098-80b0-f8f0b4a5b2ea ==============================
[0m10:19:30.229984 [info ] [MainThread]: Running with dbt=1.12.0-b1
[0m10:19:30.229984 [debug] [MainThread]: running dbt with arguments {'static_parser': 'True', 'no_print': 'None', 'version_check': 'True', 'warn_error_options': 'WarnErrorOptionsV2(error=[], warn=[], silence=[])', 'target_path': 'None', 'printer_width': '80', 'write_json': 'True', 'empty': 'False', 'log_cache_events': 'False', 'introspect': 'True', 'cache_selected_only': 'False', 'log_format': 'default', 'debug': 'False', 'fail_fast': 'False', 'profiles_dir': 'C:\\Users\\barbe\\.dbt', 'send_anonymous_usage_stats': 'True', 'quiet': 'False', 'warn_error': 'None', 'partial_parse': 'True', 'indirect_selection': 'eager', 'use_colors': 'True', 'invocation_command': 'dbt run --select stg_order_items', 'use_experimental_parser': 'False', 'log_path': 'logs'}
[0m10:19:30.236424 [error] [MainThread]: [[31mERROR[0m]: Encountered an error:
Runtime Error
  No dbt_project.yml found at expected path C:\Users\barbe\Documents\MECP_Ecommerce_data_portfolio_project\dbt_project.yml
  Verify that each entry within packages.yml (and their transitive dependencies) contains a file named dbt_project.yml
  
[0m10:19:30.236934 [debug] [MainThread]: Command `dbt run` failed at 10:19:30.236934 after 0.69 seconds
[0m10:19:30.236934 [debug] [MainThread]: Sending event: {'category': 'dbt', 'action': 'invocation', 'label': 'end', 'context': [<snowplow_tracker.self_describing_json.SelfDescribingJson object at 0x0000016BE6673260>, <snowplow_tracker.self_describing_json.SelfDescribingJson object at 0x0000016BE738AD20>, <snowplow_tracker.self_describing_json.SelfDescribingJson object at 0x0000016BE51BC2F0>]}
[0m10:19:30.236934 [debug] [MainThread]: Flushing usage events
[0m10:19:31.833635 [debug] [MainThread]: An error was encountered while trying to flush usage events
[0m13:55:53.813702 [debug] [MainThread]: Sending event: {'category': 'dbt', 'action': 'invocation', 'label': 'start', 'context': [<snowplow_tracker.self_describing_json.SelfDescribingJson object at 0x00000250E74ABE90>, <snowplow_tracker.self_describing_json.SelfDescribingJson object at 0x00000250E70C2DE0>, <snowplow_tracker.self_describing_json.SelfDescribingJson object at 0x00000250E6AEF170>]}


============================== 13:55:53.840619 | 747e1307-dec8-441d-b164-1cb7d7e9f215 ==============================
[0m13:55:53.840619 [info ] [MainThread]: Running with dbt=1.12.0-b1
[0m13:55:53.844859 [debug] [MainThread]: running dbt with arguments {'version_check': 'True', 'no_print': 'None', 'static_parser': 'True', 'warn_error_options': 'WarnErrorOptionsV2(error=[], warn=[], silence=[])', 'target_path': 'None', 'printer_width': '80', 'write_json': 'True', 'empty': 'False', 'log_cache_events': 'False', 'introspect': 'True', 'cache_selected_only': 'False', 'log_format': 'default', 'debug': 'False', 'fail_fast': 'False', 'partial_parse': 'True', 'send_anonymous_usage_stats': 'True', 'quiet': 'False', 'warn_error': 'None', 'profiles_dir': 'C:\\Users\\barbe\\.dbt', 'indirect_selection': 'eager', 'invocation_command': 'dbt run --select intermediate.*', 'use_colors': 'True', 'use_experimental_parser': 'False', 'log_path': 'logs'}
[0m13:55:53.844859 [error] [MainThread]: [[31mERROR[0m]: Encountered an error:
Runtime Error
  No dbt_project.yml found at expected path C:\Users\barbe\Documents\MECP_Ecommerce_data_portfolio_project\dbt_project.yml
  Verify that each entry within packages.yml (and their transitive dependencies) contains a file named dbt_project.yml
  
[0m13:55:53.846890 [debug] [MainThread]: Command `dbt run` failed at 13:55:53.846890 after 0.42 seconds
[0m13:55:53.846890 [debug] [MainThread]: Sending event: {'category': 'dbt', 'action': 'invocation', 'label': 'end', 'context': [<snowplow_tracker.self_describing_json.SelfDescribingJson object at 0x00000250E7476DB0>, <snowplow_tracker.self_describing_json.SelfDescribingJson object at 0x00000250E75212B0>, <snowplow_tracker.self_describing_json.SelfDescribingJson object at 0x00000250E89D6ED0>]}
[0m13:55:53.848901 [debug] [MainThread]: Flushing usage events
[0m13:55:55.465975 [debug] [MainThread]: An error was encountered while trying to flush usage events
